{"/Users/balajisenthilkumar/code-machine/Gen AI/homework-app/ai-chat-app/src/App.jsx": {"path":"/Users/balajisenthilkumar/code-machine/Gen AI/homework-app/ai-chat-app/src/App.jsx","all":false,"statementMap":{"0":{"start":{"line":1,"column":0},"end":{"line":1,"column":57}},"1":{"start":{"line":2,"column":0},"end":{"line":2,"column":37}},"2":{"start":{"line":3,"column":0},"end":{"line":3,"column":18}},"3":{"start":{"line":4,"column":0},"end":{"line":4,"column":48}},"4":{"start":{"line":5,"column":0},"end":{"line":5,"column":40}},"5":{"start":{"line":6,"column":0},"end":{"line":6,"column":46}},"6":{"start":{"line":7,"column":0},"end":{"line":7,"column":44}},"7":{"start":{"line":8,"column":0},"end":{"line":8,"column":52}},"8":{"start":{"line":9,"column":0},"end":{"line":9,"column":50}},"10":{"start":{"line":11,"column":0},"end":{"line":11,"column":16}},"11":{"start":{"line":12,"column":0},"end":{"line":12,"column":51}},"13":{"start":{"line":14,"column":0},"end":{"line":14,"column":29}},"14":{"start":{"line":15,"column":0},"end":{"line":15,"column":28}},"15":{"start":{"line":16,"column":0},"end":{"line":16,"column":3}},"17":{"start":{"line":18,"column":0},"end":{"line":18,"column":10}},"18":{"start":{"line":19,"column":0},"end":{"line":19,"column":19}},"19":{"start":{"line":20,"column":0},"end":{"line":20,"column":20}},"20":{"start":{"line":21,"column":0},"end":{"line":21,"column":12}},"21":{"start":{"line":22,"column":0},"end":{"line":22,"column":18}},"22":{"start":{"line":23,"column":0},"end":{"line":23,"column":26}},"23":{"start":{"line":24,"column":0},"end":{"line":24,"column":28}},"24":{"start":{"line":25,"column":0},"end":{"line":25,"column":28}},"25":{"start":{"line":26,"column":0},"end":{"line":26,"column":36}},"26":{"start":{"line":27,"column":0},"end":{"line":27,"column":22}},"27":{"start":{"line":28,"column":0},"end":{"line":28,"column":23}},"28":{"start":{"line":29,"column":0},"end":{"line":29,"column":12}},"30":{"start":{"line":31,"column":0},"end":{"line":31,"column":25}},"31":{"start":{"line":32,"column":0},"end":{"line":32,"column":68}},"32":{"start":{"line":33,"column":0},"end":{"line":33,"column":20}},"33":{"start":{"line":34,"column":0},"end":{"line":34,"column":26}},"34":{"start":{"line":35,"column":0},"end":{"line":35,"column":17}},"35":{"start":{"line":36,"column":0},"end":{"line":36,"column":20}},"36":{"start":{"line":37,"column":0},"end":{"line":37,"column":20}},"37":{"start":{"line":38,"column":0},"end":{"line":38,"column":26}},"38":{"start":{"line":39,"column":0},"end":{"line":39,"column":42}},"39":{"start":{"line":40,"column":0},"end":{"line":40,"column":28}},"40":{"start":{"line":41,"column":0},"end":{"line":41,"column":43}},"41":{"start":{"line":42,"column":0},"end":{"line":42,"column":30}},"42":{"start":{"line":43,"column":0},"end":{"line":43,"column":38}},"43":{"start":{"line":44,"column":0},"end":{"line":44,"column":24}},"44":{"start":{"line":45,"column":0},"end":{"line":45,"column":38}},"45":{"start":{"line":46,"column":0},"end":{"line":46,"column":31}},"46":{"start":{"line":47,"column":0},"end":{"line":47,"column":14}},"48":{"start":{"line":49,"column":0},"end":{"line":49,"column":16}},"49":{"start":{"line":50,"column":0},"end":{"line":50,"column":19}},"50":{"start":{"line":51,"column":0},"end":{"line":51,"column":33}},"51":{"start":{"line":52,"column":0},"end":{"line":52,"column":32}},"52":{"start":{"line":53,"column":0},"end":{"line":53,"column":57}},"53":{"start":{"line":54,"column":0},"end":{"line":54,"column":23}},"54":{"start":{"line":55,"column":0},"end":{"line":55,"column":31}},"55":{"start":{"line":56,"column":0},"end":{"line":56,"column":16}},"57":{"start":{"line":58,"column":0},"end":{"line":58,"column":18}},"58":{"start":{"line":59,"column":0},"end":{"line":59,"column":21}},"59":{"start":{"line":60,"column":0},"end":{"line":60,"column":35}},"60":{"start":{"line":61,"column":0},"end":{"line":61,"column":34}},"61":{"start":{"line":62,"column":0},"end":{"line":62,"column":42}},"62":{"start":{"line":63,"column":0},"end":{"line":63,"column":30}},"63":{"start":{"line":64,"column":0},"end":{"line":64,"column":65}},"64":{"start":{"line":65,"column":0},"end":{"line":65,"column":18}},"66":{"start":{"line":67,"column":0},"end":{"line":67,"column":30}},"67":{"start":{"line":68,"column":0},"end":{"line":68,"column":29}},"68":{"start":{"line":69,"column":0},"end":{"line":69,"column":20}},"70":{"start":{"line":71,"column":0},"end":{"line":71,"column":29}},"71":{"start":{"line":72,"column":0},"end":{"line":72,"column":20}},"72":{"start":{"line":73,"column":0},"end":{"line":73,"column":23}},"73":{"start":{"line":74,"column":0},"end":{"line":74,"column":53}},"74":{"start":{"line":75,"column":0},"end":{"line":75,"column":37}},"75":{"start":{"line":76,"column":0},"end":{"line":76,"column":54}},"76":{"start":{"line":77,"column":0},"end":{"line":77,"column":37}},"77":{"start":{"line":78,"column":0},"end":{"line":78,"column":20}},"79":{"start":{"line":80,"column":0},"end":{"line":80,"column":30}},"80":{"start":{"line":81,"column":0},"end":{"line":81,"column":22}},"82":{"start":{"line":83,"column":0},"end":{"line":83,"column":18}},"83":{"start":{"line":84,"column":0},"end":{"line":84,"column":22}},"84":{"start":{"line":85,"column":0},"end":{"line":85,"column":14}},"85":{"start":{"line":86,"column":0},"end":{"line":86,"column":21}},"86":{"start":{"line":87,"column":0},"end":{"line":87,"column":20}},"88":{"start":{"line":89,"column":0},"end":{"line":89,"column":1}},"90":{"start":{"line":91,"column":0},"end":{"line":91,"column":18}}},"s":{"0":1,"1":1,"2":1,"3":1,"4":1,"5":1,"6":1,"7":1,"8":1,"10":1,"11":1,"13":1,"14":0,"15":0,"17":1,"18":1,"19":1,"20":1,"21":1,"22":1,"23":1,"24":1,"25":1,"26":1,"27":1,"28":1,"30":1,"31":1,"32":1,"33":1,"34":1,"35":1,"36":1,"37":1,"38":1,"39":1,"40":1,"41":1,"42":1,"43":1,"44":1,"45":1,"46":1,"48":1,"49":1,"50":1,"51":1,"52":1,"53":1,"54":1,"55":1,"57":1,"58":1,"59":1,"60":1,"61":1,"62":1,"63":1,"64":1,"66":1,"67":1,"68":1,"70":1,"71":0,"72":0,"73":0,"74":0,"75":0,"76":0,"77":0,"79":0,"80":0,"82":1,"83":1,"84":1,"85":1,"86":1,"88":1,"90":1},"branchMap":{"0":{"type":"branch","line":11,"loc":{"start":{"line":11,"column":0},"end":{"line":89,"column":1}},"locations":[{"start":{"line":11,"column":0},"end":{"line":89,"column":1}}]},"1":{"type":"branch","line":71,"loc":{"start":{"line":71,"column":15},"end":{"line":81,"column":22}},"locations":[{"start":{"line":71,"column":15},"end":{"line":81,"column":22}}]}},"b":{"0":[1],"1":[0]},"fnMap":{"0":{"name":"App","decl":{"start":{"line":11,"column":0},"end":{"line":89,"column":1}},"loc":{"start":{"line":11,"column":0},"end":{"line":89,"column":1}},"line":11},"1":{"name":"toggleTodos","decl":{"start":{"line":14,"column":22},"end":{"line":16,"column":3}},"loc":{"start":{"line":14,"column":22},"end":{"line":16,"column":3}},"line":14}},"f":{"0":1,"1":0}}
,"/Users/balajisenthilkumar/code-machine/Gen AI/homework-app/ai-chat-app/src/main.jsx": {"path":"/Users/balajisenthilkumar/code-machine/Gen AI/homework-app/ai-chat-app/src/main.jsx","all":true,"statementMap":{"0":{"start":{"line":1,"column":0},"end":{"line":1,"column":34}},"1":{"start":{"line":2,"column":0},"end":{"line":2,"column":45}},"2":{"start":{"line":3,"column":0},"end":{"line":3,"column":20}},"3":{"start":{"line":4,"column":0},"end":{"line":4,"column":27}},"4":{"start":{"line":5,"column":0},"end":{"line":5,"column":0}},"5":{"start":{"line":6,"column":0},"end":{"line":6,"column":51}},"6":{"start":{"line":7,"column":0},"end":{"line":7,"column":14}},"7":{"start":{"line":8,"column":0},"end":{"line":8,"column":11}},"8":{"start":{"line":9,"column":0},"end":{"line":9,"column":16}},"9":{"start":{"line":10,"column":0},"end":{"line":10,"column":1}}},"s":{"0":0,"1":0,"2":0,"3":0,"4":0,"5":0,"6":0,"7":0,"8":0,"9":0},"branchMap":{"0":{"type":"branch","line":1,"loc":{"start":{"line":1,"column":0},"end":{"line":10,"column":1}},"locations":[{"start":{"line":1,"column":0},"end":{"line":10,"column":1}}]}},"b":{"0":[0]},"fnMap":{"0":{"name":"(empty-report)","decl":{"start":{"line":1,"column":0},"end":{"line":10,"column":1}},"loc":{"start":{"line":1,"column":0},"end":{"line":10,"column":1}},"line":1}},"f":{"0":0}}
,"/Users/balajisenthilkumar/code-machine/Gen AI/homework-app/ai-chat-app/src/components/ChatWindow.jsx": {"path":"/Users/balajisenthilkumar/code-machine/Gen AI/homework-app/ai-chat-app/src/components/ChatWindow.jsx","all":false,"statementMap":{"0":{"start":{"line":1,"column":0},"end":{"line":1,"column":48}},"1":{"start":{"line":2,"column":0},"end":{"line":2,"column":8}},"14":{"start":{"line":15,"column":0},"end":{"line":15,"column":61}},"15":{"start":{"line":16,"column":0},"end":{"line":16,"column":53}},"16":{"start":{"line":17,"column":0},"end":{"line":17,"column":51}},"17":{"start":{"line":18,"column":0},"end":{"line":18,"column":53}},"19":{"start":{"line":20,"column":0},"end":{"line":20,"column":23}},"20":{"start":{"line":21,"column":0},"end":{"line":21,"column":42}},"21":{"start":{"line":22,"column":0},"end":{"line":22,"column":32}},"22":{"start":{"line":23,"column":0},"end":{"line":23,"column":36}},"23":{"start":{"line":24,"column":0},"end":{"line":24,"column":67}},"24":{"start":{"line":25,"column":0},"end":{"line":25,"column":20}},"25":{"start":{"line":26,"column":0},"end":{"line":26,"column":55}},"26":{"start":{"line":27,"column":0},"end":{"line":27,"column":73}},"29":{"start":{"line":30,"column":0},"end":{"line":30,"column":19}},"35":{"start":{"line":36,"column":0},"end":{"line":36,"column":25}},"36":{"start":{"line":37,"column":0},"end":{"line":37,"column":28}},"37":{"start":{"line":38,"column":0},"end":{"line":38,"column":61}},"38":{"start":{"line":39,"column":0},"end":{"line":39,"column":18}},"39":{"start":{"line":40,"column":0},"end":{"line":40,"column":21}},"43":{"start":{"line":44,"column":0},"end":{"line":44,"column":24}},"44":{"start":{"line":45,"column":0},"end":{"line":45,"column":38}},"45":{"start":{"line":46,"column":0},"end":{"line":46,"column":37}},"46":{"start":{"line":47,"column":0},"end":{"line":47,"column":69}},"47":{"start":{"line":48,"column":0},"end":{"line":48,"column":38}},"48":{"start":{"line":49,"column":0},"end":{"line":49,"column":12}},"49":{"start":{"line":50,"column":0},"end":{"line":50,"column":36}},"50":{"start":{"line":51,"column":0},"end":{"line":51,"column":5}},"51":{"start":{"line":52,"column":0},"end":{"line":52,"column":43}},"53":{"start":{"line":54,"column":0},"end":{"line":54,"column":19}},"54":{"start":{"line":55,"column":0},"end":{"line":55,"column":32}},"55":{"start":{"line":56,"column":0},"end":{"line":56,"column":74}},"56":{"start":{"line":57,"column":0},"end":{"line":57,"column":5}},"57":{"start":{"line":58,"column":0},"end":{"line":58,"column":38}},"60":{"start":{"line":61,"column":0},"end":{"line":61,"column":56}},"61":{"start":{"line":62,"column":0},"end":{"line":62,"column":59}},"62":{"start":{"line":63,"column":0},"end":{"line":63,"column":57}},"65":{"start":{"line":66,"column":0},"end":{"line":66,"column":37}},"67":{"start":{"line":68,"column":0},"end":{"line":68,"column":65}},"69":{"start":{"line":70,"column":0},"end":{"line":70,"column":62}},"70":{"start":{"line":71,"column":0},"end":{"line":71,"column":26}},"71":{"start":{"line":72,"column":0},"end":{"line":72,"column":51}},"72":{"start":{"line":73,"column":0},"end":{"line":73,"column":6}},"73":{"start":{"line":74,"column":0},"end":{"line":74,"column":3}},"76":{"start":{"line":77,"column":0},"end":{"line":77,"column":37}},"77":{"start":{"line":78,"column":0},"end":{"line":78,"column":25}},"78":{"start":{"line":79,"column":0},"end":{"line":79,"column":3}},"80":{"start":{"line":81,"column":0},"end":{"line":81,"column":10}},"81":{"start":{"line":82,"column":0},"end":{"line":82,"column":8}},"82":{"start":{"line":83,"column":0},"end":{"line":83,"column":25}},"83":{"start":{"line":84,"column":0},"end":{"line":84,"column":11}},"84":{"start":{"line":85,"column":0},"end":{"line":85,"column":20}},"85":{"start":{"line":86,"column":0},"end":{"line":86,"column":26}},"86":{"start":{"line":87,"column":0},"end":{"line":87,"column":19}},"87":{"start":{"line":88,"column":0},"end":{"line":88,"column":24}},"88":{"start":{"line":89,"column":0},"end":{"line":89,"column":29}},"89":{"start":{"line":90,"column":0},"end":{"line":90,"column":24}},"90":{"start":{"line":91,"column":0},"end":{"line":91,"column":32}},"91":{"start":{"line":92,"column":0},"end":{"line":92,"column":14}},"92":{"start":{"line":93,"column":0},"end":{"line":93,"column":49}},"93":{"start":{"line":94,"column":0},"end":{"line":94,"column":8}},"95":{"start":{"line":96,"column":0},"end":{"line":96,"column":41}},"96":{"start":{"line":97,"column":0},"end":{"line":97,"column":31}},"97":{"start":{"line":98,"column":0},"end":{"line":98,"column":73}},"99":{"start":{"line":100,"column":0},"end":{"line":100,"column":16}},"100":{"start":{"line":101,"column":0},"end":{"line":101,"column":38}},"101":{"start":{"line":102,"column":0},"end":{"line":102,"column":18}},"102":{"start":{"line":103,"column":0},"end":{"line":103,"column":19}},"103":{"start":{"line":104,"column":0},"end":{"line":104,"column":21}},"104":{"start":{"line":105,"column":0},"end":{"line":105,"column":131}},"105":{"start":{"line":106,"column":0},"end":{"line":106,"column":32}},"106":{"start":{"line":107,"column":0},"end":{"line":107,"column":64}},"107":{"start":{"line":108,"column":0},"end":{"line":108,"column":34}},"108":{"start":{"line":109,"column":0},"end":{"line":109,"column":33}},"109":{"start":{"line":110,"column":0},"end":{"line":110,"column":58}},"110":{"start":{"line":111,"column":0},"end":{"line":111,"column":30}},"111":{"start":{"line":112,"column":0},"end":{"line":112,"column":33}},"112":{"start":{"line":113,"column":0},"end":{"line":113,"column":32}},"113":{"start":{"line":114,"column":0},"end":{"line":114,"column":40}},"114":{"start":{"line":115,"column":0},"end":{"line":115,"column":37}},"115":{"start":{"line":116,"column":0},"end":{"line":116,"column":22}},"116":{"start":{"line":117,"column":0},"end":{"line":117,"column":64}},"117":{"start":{"line":118,"column":0},"end":{"line":118,"column":31}},"118":{"start":{"line":119,"column":0},"end":{"line":119,"column":32}},"119":{"start":{"line":120,"column":0},"end":{"line":120,"column":29}},"120":{"start":{"line":121,"column":0},"end":{"line":121,"column":74}},"121":{"start":{"line":122,"column":0},"end":{"line":122,"column":70}},"122":{"start":{"line":123,"column":0},"end":{"line":123,"column":45}},"123":{"start":{"line":124,"column":0},"end":{"line":124,"column":29}},"124":{"start":{"line":125,"column":0},"end":{"line":125,"column":18}},"125":{"start":{"line":126,"column":0},"end":{"line":126,"column":16}},"127":{"start":{"line":128,"column":0},"end":{"line":128,"column":69}},"128":{"start":{"line":129,"column":0},"end":{"line":129,"column":18}},"129":{"start":{"line":130,"column":0},"end":{"line":130,"column":43}},"130":{"start":{"line":131,"column":0},"end":{"line":131,"column":21}},"131":{"start":{"line":132,"column":0},"end":{"line":132,"column":39}},"132":{"start":{"line":133,"column":0},"end":{"line":133,"column":29}},"133":{"start":{"line":134,"column":0},"end":{"line":134,"column":27}},"134":{"start":{"line":135,"column":0},"end":{"line":135,"column":48}},"135":{"start":{"line":136,"column":0},"end":{"line":136,"column":29}},"136":{"start":{"line":137,"column":0},"end":{"line":137,"column":50}},"137":{"start":{"line":138,"column":0},"end":{"line":138,"column":18}},"139":{"start":{"line":140,"column":0},"end":{"line":140,"column":46}},"140":{"start":{"line":141,"column":0},"end":{"line":141,"column":29}},"141":{"start":{"line":142,"column":0},"end":{"line":142,"column":32}},"142":{"start":{"line":143,"column":0},"end":{"line":143,"column":67}},"143":{"start":{"line":144,"column":0},"end":{"line":144,"column":25}},"144":{"start":{"line":145,"column":0},"end":{"line":145,"column":39}},"145":{"start":{"line":146,"column":0},"end":{"line":146,"column":49}},"146":{"start":{"line":147,"column":0},"end":{"line":147,"column":44}},"147":{"start":{"line":148,"column":0},"end":{"line":148,"column":34}},"148":{"start":{"line":149,"column":0},"end":{"line":149,"column":62}},"149":{"start":{"line":150,"column":0},"end":{"line":150,"column":24}},"150":{"start":{"line":151,"column":0},"end":{"line":151,"column":22}},"152":{"start":{"line":153,"column":0},"end":{"line":153,"column":56}},"153":{"start":{"line":154,"column":0},"end":{"line":154,"column":31}},"154":{"start":{"line":155,"column":0},"end":{"line":155,"column":26}},"155":{"start":{"line":156,"column":0},"end":{"line":156,"column":20}},"156":{"start":{"line":157,"column":0},"end":{"line":157,"column":20}},"159":{"start":{"line":160,"column":0},"end":{"line":160,"column":57}},"160":{"start":{"line":161,"column":0},"end":{"line":161,"column":60}},"161":{"start":{"line":162,"column":0},"end":{"line":162,"column":20}},"162":{"start":{"line":163,"column":0},"end":{"line":163,"column":23}},"163":{"start":{"line":164,"column":0},"end":{"line":164,"column":36}},"164":{"start":{"line":165,"column":0},"end":{"line":165,"column":44}},"165":{"start":{"line":166,"column":0},"end":{"line":166,"column":62}},"166":{"start":{"line":167,"column":0},"end":{"line":167,"column":57}},"167":{"start":{"line":168,"column":0},"end":{"line":168,"column":28}},"168":{"start":{"line":169,"column":0},"end":{"line":169,"column":20}},"170":{"start":{"line":171,"column":0},"end":{"line":171,"column":25}},"171":{"start":{"line":172,"column":0},"end":{"line":172,"column":32}},"172":{"start":{"line":173,"column":0},"end":{"line":173,"column":34}},"173":{"start":{"line":174,"column":0},"end":{"line":174,"column":64}},"174":{"start":{"line":175,"column":0},"end":{"line":175,"column":48}},"175":{"start":{"line":176,"column":0},"end":{"line":176,"column":25}},"176":{"start":{"line":177,"column":0},"end":{"line":177,"column":41}},"177":{"start":{"line":178,"column":0},"end":{"line":178,"column":39}},"178":{"start":{"line":179,"column":0},"end":{"line":179,"column":49}},"179":{"start":{"line":180,"column":0},"end":{"line":180,"column":44}},"180":{"start":{"line":181,"column":0},"end":{"line":181,"column":34}},"181":{"start":{"line":182,"column":0},"end":{"line":182,"column":41}},"182":{"start":{"line":183,"column":0},"end":{"line":183,"column":51}},"183":{"start":{"line":184,"column":0},"end":{"line":184,"column":46}},"184":{"start":{"line":185,"column":0},"end":{"line":185,"column":43}},"185":{"start":{"line":186,"column":0},"end":{"line":186,"column":52}},"186":{"start":{"line":187,"column":0},"end":{"line":187,"column":47}},"187":{"start":{"line":188,"column":0},"end":{"line":188,"column":24}},"188":{"start":{"line":189,"column":0},"end":{"line":189,"column":22}},"189":{"start":{"line":190,"column":0},"end":{"line":190,"column":19}},"191":{"start":{"line":192,"column":0},"end":{"line":192,"column":27}},"192":{"start":{"line":193,"column":0},"end":{"line":193,"column":22}},"193":{"start":{"line":194,"column":0},"end":{"line":194,"column":21}},"195":{"start":{"line":196,"column":0},"end":{"line":196,"column":27}},"197":{"start":{"line":198,"column":0},"end":{"line":198,"column":9}},"199":{"start":{"line":200,"column":0},"end":{"line":200,"column":20}},"200":{"start":{"line":201,"column":0},"end":{"line":201,"column":14}},"201":{"start":{"line":202,"column":0},"end":{"line":202,"column":15}},"202":{"start":{"line":203,"column":0},"end":{"line":203,"column":17}},"203":{"start":{"line":204,"column":0},"end":{"line":204,"column":18}},"204":{"start":{"line":205,"column":0},"end":{"line":205,"column":28}},"205":{"start":{"line":206,"column":0},"end":{"line":206,"column":42}},"206":{"start":{"line":207,"column":0},"end":{"line":207,"column":36}},"207":{"start":{"line":208,"column":0},"end":{"line":208,"column":28}},"208":{"start":{"line":209,"column":0},"end":{"line":209,"column":36}},"209":{"start":{"line":210,"column":0},"end":{"line":210,"column":28}},"210":{"start":{"line":211,"column":0},"end":{"line":211,"column":33}},"211":{"start":{"line":212,"column":0},"end":{"line":212,"column":54}},"212":{"start":{"line":213,"column":0},"end":{"line":213,"column":25}},"213":{"start":{"line":214,"column":0},"end":{"line":214,"column":70}},"214":{"start":{"line":215,"column":0},"end":{"line":215,"column":12}},"216":{"start":{"line":217,"column":0},"end":{"line":217,"column":53}},"217":{"start":{"line":218,"column":0},"end":{"line":218,"column":60}},"218":{"start":{"line":219,"column":0},"end":{"line":219,"column":16}},"221":{"start":{"line":222,"column":0},"end":{"line":222,"column":15}},"222":{"start":{"line":223,"column":0},"end":{"line":223,"column":26}},"223":{"start":{"line":224,"column":0},"end":{"line":224,"column":31}},"224":{"start":{"line":225,"column":0},"end":{"line":225,"column":37}},"225":{"start":{"line":226,"column":0},"end":{"line":226,"column":65}},"227":{"start":{"line":228,"column":0},"end":{"line":228,"column":14}},"228":{"start":{"line":229,"column":0},"end":{"line":229,"column":39}},"229":{"start":{"line":230,"column":0},"end":{"line":230,"column":28}},"230":{"start":{"line":231,"column":0},"end":{"line":231,"column":26}},"231":{"start":{"line":232,"column":0},"end":{"line":232,"column":30}},"232":{"start":{"line":233,"column":0},"end":{"line":233,"column":9}},"234":{"start":{"line":235,"column":0},"end":{"line":235,"column":16}},"235":{"start":{"line":236,"column":0},"end":{"line":236,"column":17}},"236":{"start":{"line":237,"column":0},"end":{"line":237,"column":10}},"238":{"start":{"line":239,"column":0},"end":{"line":239,"column":1}},"240":{"start":{"line":241,"column":0},"end":{"line":241,"column":25}}},"s":{"0":1,"1":1,"14":1,"15":1,"16":1,"17":1,"19":8,"20":8,"21":8,"22":8,"23":8,"24":8,"25":8,"26":8,"29":8,"35":8,"36":8,"37":6,"38":1,"39":1,"43":8,"44":0,"45":0,"46":0,"47":0,"48":8,"49":8,"50":8,"51":8,"53":8,"54":8,"55":8,"56":8,"57":8,"60":8,"61":8,"62":8,"65":8,"67":0,"69":0,"70":0,"71":0,"72":0,"73":0,"76":8,"77":0,"78":0,"80":8,"81":8,"82":8,"83":8,"84":8,"85":8,"86":8,"87":8,"88":8,"89":8,"90":8,"91":8,"92":8,"93":8,"95":8,"96":19,"97":19,"99":19,"100":19,"101":19,"102":19,"103":19,"104":19,"105":19,"106":19,"107":12,"108":7,"109":19,"110":12,"111":7,"112":19,"113":19,"114":19,"115":19,"116":19,"117":0,"118":19,"119":19,"120":19,"121":19,"122":19,"123":19,"124":19,"125":19,"127":19,"128":19,"129":19,"130":19,"131":19,"132":19,"133":19,"134":19,"135":19,"136":19,"137":19,"139":19,"140":19,"141":19,"142":19,"143":19,"144":19,"145":0,"146":19,"147":19,"148":19,"149":19,"150":19,"152":19,"153":19,"154":19,"155":19,"156":19,"159":19,"160":0,"161":0,"162":0,"163":0,"164":0,"165":0,"166":0,"167":0,"168":0,"170":0,"171":0,"172":0,"173":0,"174":0,"175":0,"176":0,"177":0,"178":0,"179":0,"180":0,"181":0,"182":0,"183":0,"184":0,"185":0,"186":0,"187":0,"188":0,"189":0,"191":0,"192":0,"193":0,"195":19,"197":8,"199":8,"200":1,"201":1,"202":1,"203":1,"204":1,"205":1,"206":1,"207":1,"208":1,"209":1,"210":1,"211":1,"212":1,"213":1,"214":1,"216":1,"217":1,"218":1,"221":8,"222":8,"223":8,"224":8,"225":8,"227":8,"228":8,"229":8,"230":8,"231":8,"232":8,"234":8,"235":8,"236":8,"238":8,"240":1},"branchMap":{"0":{"type":"branch","line":20,"loc":{"start":{"line":20,"column":0},"end":{"line":239,"column":1}},"locations":[{"start":{"line":20,"column":0},"end":{"line":239,"column":1}}]},"1":{"type":"branch","line":61,"loc":{"start":{"line":61,"column":22},"end":{"line":61,"column":47}},"locations":[{"start":{"line":61,"column":22},"end":{"line":61,"column":47}}]},"2":{"type":"branch","line":62,"loc":{"start":{"line":62,"column":25},"end":{"line":62,"column":50}},"locations":[{"start":{"line":62,"column":25},"end":{"line":62,"column":50}}]},"3":{"type":"branch","line":63,"loc":{"start":{"line":63,"column":23},"end":{"line":63,"column":48}},"locations":[{"start":{"line":63,"column":23},"end":{"line":63,"column":48}}]},"4":{"type":"branch","line":200,"loc":{"start":{"line":200,"column":7},"end":{"line":219,"column":16}},"locations":[{"start":{"line":200,"column":7},"end":{"line":219,"column":16}}]},"5":{"type":"branch","line":212,"loc":{"start":{"line":212,"column":19},"end":{"line":212,"column":44}},"locations":[{"start":{"line":212,"column":19},"end":{"line":212,"column":44}}]},"6":{"type":"branch","line":30,"loc":{"start":{"line":30,"column":12},"end":{"line":52,"column":5}},"locations":[{"start":{"line":30,"column":12},"end":{"line":52,"column":5}}]},"7":{"type":"branch","line":37,"loc":{"start":{"line":37,"column":24},"end":{"line":38,"column":61}},"locations":[{"start":{"line":37,"column":24},"end":{"line":38,"column":61}}]},"8":{"type":"branch","line":38,"loc":{"start":{"line":38,"column":57},"end":{"line":39,"column":18}},"locations":[{"start":{"line":38,"column":57},"end":{"line":39,"column":18}}]},"9":{"type":"branch","line":39,"loc":{"start":{"line":39,"column":7},"end":{"line":40,"column":21}},"locations":[{"start":{"line":39,"column":7},"end":{"line":40,"column":21}}]},"10":{"type":"branch","line":44,"loc":{"start":{"line":44,"column":23},"end":{"line":49,"column":11}},"locations":[{"start":{"line":44,"column":23},"end":{"line":49,"column":11}}]},"11":{"type":"branch","line":54,"loc":{"start":{"line":54,"column":12},"end":{"line":58,"column":5}},"locations":[{"start":{"line":54,"column":12},"end":{"line":58,"column":5}}]},"12":{"type":"branch","line":96,"loc":{"start":{"line":96,"column":20},"end":{"line":198,"column":7}},"locations":[{"start":{"line":96,"column":20},"end":{"line":198,"column":7}}]},"13":{"type":"branch","line":98,"loc":{"start":{"line":98,"column":39},"end":{"line":98,"column":73}},"locations":[{"start":{"line":98,"column":39},"end":{"line":98,"column":73}}]},"14":{"type":"branch","line":105,"loc":{"start":{"line":105,"column":20},"end":{"line":105,"column":62}},"locations":[{"start":{"line":105,"column":20},"end":{"line":105,"column":62}}]},"15":{"type":"branch","line":105,"loc":{"start":{"line":105,"column":39},"end":{"line":105,"column":68}},"locations":[{"start":{"line":105,"column":39},"end":{"line":105,"column":68}}]},"16":{"type":"branch","line":107,"loc":{"start":{"line":107,"column":63},"end":{"line":108,"column":34}},"locations":[{"start":{"line":107,"column":63},"end":{"line":108,"column":34}}]},"17":{"type":"branch","line":108,"loc":{"start":{"line":108,"column":20},"end":{"line":109,"column":33}},"locations":[{"start":{"line":108,"column":20},"end":{"line":109,"column":33}}]},"18":{"type":"branch","line":110,"loc":{"start":{"line":110,"column":57},"end":{"line":111,"column":30}},"locations":[{"start":{"line":110,"column":57},"end":{"line":111,"column":30}}]},"19":{"type":"branch","line":111,"loc":{"start":{"line":111,"column":20},"end":{"line":112,"column":33}},"locations":[{"start":{"line":111,"column":20},"end":{"line":112,"column":33}}]},"20":{"type":"branch","line":117,"loc":{"start":{"line":117,"column":18},"end":{"line":117,"column":64}},"locations":[{"start":{"line":117,"column":18},"end":{"line":117,"column":64}}]},"21":{"type":"branch","line":117,"loc":{"start":{"line":117,"column":63},"end":{"line":118,"column":31}},"locations":[{"start":{"line":117,"column":63},"end":{"line":118,"column":31}}]},"22":{"type":"branch","line":145,"loc":{"start":{"line":145,"column":29},"end":{"line":146,"column":49}},"locations":[{"start":{"line":145,"column":29},"end":{"line":146,"column":49}}]},"23":{"type":"branch","line":149,"loc":{"start":{"line":149,"column":31},"end":{"line":149,"column":54}},"locations":[{"start":{"line":149,"column":31},"end":{"line":149,"column":54}}]},"24":{"type":"branch","line":160,"loc":{"start":{"line":160,"column":13},"end":{"line":160,"column":57}},"locations":[{"start":{"line":160,"column":13},"end":{"line":160,"column":57}}]},"25":{"type":"branch","line":160,"loc":{"start":{"line":160,"column":32},"end":{"line":194,"column":21}},"locations":[{"start":{"line":160,"column":32},"end":{"line":194,"column":21}}]}},"b":{"0":[8],"1":[0],"2":[0],"3":[0],"4":[1],"5":[0],"6":[8],"7":[6],"8":[1],"9":[1],"10":[0],"11":[8],"12":[19],"13":[7],"14":[1],"15":[0],"16":[12],"17":[7],"18":[12],"19":[7],"20":[0],"21":[0],"22":[0],"23":[0],"24":[1],"25":[0]},"fnMap":{"0":{"name":"ChatWindow","decl":{"start":{"line":20,"column":0},"end":{"line":239,"column":1}},"loc":{"start":{"line":20,"column":0},"end":{"line":239,"column":1}},"line":20},"1":{"name":"handleCopyMessage","decl":{"start":{"line":66,"column":28},"end":{"line":74,"column":3}},"loc":{"start":{"line":66,"column":28},"end":{"line":74,"column":3}},"line":66},"2":{"name":"handleCloseSnackbar","decl":{"start":{"line":77,"column":30},"end":{"line":79,"column":3}},"loc":{"start":{"line":77,"column":30},"end":{"line":79,"column":3}},"line":77},"3":{"name":"onClick","decl":{"start":{"line":143,"column":29},"end":{"line":143,"column":67}},"loc":{"start":{"line":143,"column":29},"end":{"line":143,"column":67}},"line":143}},"f":{"0":8,"1":0,"2":0,"3":0}}
,"/Users/balajisenthilkumar/code-machine/Gen AI/homework-app/ai-chat-app/src/components/Header.jsx": {"path":"/Users/balajisenthilkumar/code-machine/Gen AI/homework-app/ai-chat-app/src/components/Header.jsx","all":false,"statementMap":{"0":{"start":{"line":1,"column":0},"end":{"line":1,"column":25}},"1":{"start":{"line":2,"column":0},"end":{"line":2,"column":78}},"2":{"start":{"line":3,"column":0},"end":{"line":3,"column":75}},"3":{"start":{"line":4,"column":0},"end":{"line":4,"column":39}},"5":{"start":{"line":6,"column":0},"end":{"line":6,"column":43}},"6":{"start":{"line":7,"column":0},"end":{"line":7,"column":10}},"7":{"start":{"line":8,"column":0},"end":{"line":8,"column":51}},"8":{"start":{"line":9,"column":0},"end":{"line":9,"column":53}},"9":{"start":{"line":10,"column":0},"end":{"line":10,"column":68}},"11":{"start":{"line":12,"column":0},"end":{"line":12,"column":21}},"12":{"start":{"line":13,"column":0},"end":{"line":13,"column":48}},"13":{"start":{"line":14,"column":0},"end":{"line":14,"column":73}},"14":{"start":{"line":15,"column":0},"end":{"line":15,"column":38}},"15":{"start":{"line":16,"column":0},"end":{"line":16,"column":23}},"16":{"start":{"line":17,"column":0},"end":{"line":17,"column":18}},"17":{"start":{"line":18,"column":0},"end":{"line":18,"column":23}},"18":{"start":{"line":19,"column":0},"end":{"line":19,"column":16}},"19":{"start":{"line":20,"column":0},"end":{"line":20,"column":13}},"21":{"start":{"line":22,"column":0},"end":{"line":22,"column":1}},"23":{"start":{"line":24,"column":0},"end":{"line":24,"column":21}}},"s":{"0":1,"1":1,"2":1,"3":1,"5":6,"6":6,"7":6,"8":6,"9":6,"11":6,"12":6,"13":6,"14":6,"15":6,"16":6,"17":6,"18":6,"19":6,"21":6,"23":1},"branchMap":{"0":{"type":"branch","line":6,"loc":{"start":{"line":6,"column":0},"end":{"line":22,"column":1}},"locations":[{"start":{"line":6,"column":0},"end":{"line":22,"column":1}}]}},"b":{"0":[6]},"fnMap":{"0":{"name":"Header","decl":{"start":{"line":6,"column":0},"end":{"line":22,"column":1}},"loc":{"start":{"line":6,"column":0},"end":{"line":22,"column":1}},"line":6}},"f":{"0":6}}
,"/Users/balajisenthilkumar/code-machine/Gen AI/homework-app/ai-chat-app/src/components/InputArea.jsx": {"path":"/Users/balajisenthilkumar/code-machine/Gen AI/homework-app/ai-chat-app/src/components/InputArea.jsx","all":false,"statementMap":{"0":{"start":{"line":1,"column":0},"end":{"line":1,"column":37}},"1":{"start":{"line":2,"column":0},"end":{"line":2,"column":45}},"2":{"start":{"line":3,"column":0},"end":{"line":3,"column":47}},"3":{"start":{"line":4,"column":0},"end":{"line":4,"column":51}},"4":{"start":{"line":5,"column":0},"end":{"line":5,"column":53}},"6":{"start":{"line":7,"column":0},"end":{"line":7,"column":22}},"7":{"start":{"line":8,"column":0},"end":{"line":8,"column":44}},"8":{"start":{"line":9,"column":0},"end":{"line":9,"column":36}},"9":{"start":{"line":10,"column":0},"end":{"line":10,"column":46}},"11":{"start":{"line":12,"column":0},"end":{"line":12,"column":38}},"12":{"start":{"line":13,"column":0},"end":{"line":13,"column":34}},"13":{"start":{"line":14,"column":0},"end":{"line":14,"column":3}},"15":{"start":{"line":16,"column":0},"end":{"line":16,"column":28}},"16":{"start":{"line":17,"column":0},"end":{"line":17,"column":25}},"17":{"start":{"line":18,"column":0},"end":{"line":18,"column":32}},"18":{"start":{"line":19,"column":0},"end":{"line":19,"column":20}},"19":{"start":{"line":20,"column":0},"end":{"line":20,"column":5}},"20":{"start":{"line":21,"column":0},"end":{"line":21,"column":3}},"23":{"start":{"line":24,"column":0},"end":{"line":24,"column":52}},"24":{"start":{"line":25,"column":0},"end":{"line":25,"column":56}},"25":{"start":{"line":26,"column":0},"end":{"line":26,"column":54}},"27":{"start":{"line":28,"column":0},"end":{"line":28,"column":10}},"28":{"start":{"line":29,"column":0},"end":{"line":29,"column":8}},"29":{"start":{"line":30,"column":0},"end":{"line":30,"column":11}},"30":{"start":{"line":31,"column":0},"end":{"line":31,"column":24}},"31":{"start":{"line":32,"column":0},"end":{"line":32,"column":29}},"32":{"start":{"line":33,"column":0},"end":{"line":33,"column":19}},"33":{"start":{"line":34,"column":0},"end":{"line":34,"column":24}},"34":{"start":{"line":35,"column":0},"end":{"line":35,"column":25}},"35":{"start":{"line":36,"column":0},"end":{"line":36,"column":43}},"36":{"start":{"line":37,"column":0},"end":{"line":37,"column":22}},"37":{"start":{"line":38,"column":0},"end":{"line":38,"column":73}},"38":{"start":{"line":39,"column":0},"end":{"line":39,"column":8}},"40":{"start":{"line":41,"column":0},"end":{"line":41,"column":12}},"41":{"start":{"line":42,"column":0},"end":{"line":42,"column":17}},"42":{"start":{"line":43,"column":0},"end":{"line":43,"column":34}},"43":{"start":{"line":44,"column":0},"end":{"line":44,"column":39}},"44":{"start":{"line":45,"column":0},"end":{"line":45,"column":19}},"45":{"start":{"line":46,"column":0},"end":{"line":46,"column":23}},"46":{"start":{"line":47,"column":0},"end":{"line":47,"column":36}},"47":{"start":{"line":48,"column":0},"end":{"line":48,"column":25}},"48":{"start":{"line":49,"column":0},"end":{"line":49,"column":34}},"49":{"start":{"line":50,"column":0},"end":{"line":50,"column":24}},"50":{"start":{"line":51,"column":0},"end":{"line":51,"column":11}},"51":{"start":{"line":52,"column":0},"end":{"line":52,"column":10}},"52":{"start":{"line":53,"column":0},"end":{"line":53,"column":16}},"53":{"start":{"line":54,"column":0},"end":{"line":54,"column":22}},"54":{"start":{"line":55,"column":0},"end":{"line":55,"column":29}},"55":{"start":{"line":56,"column":0},"end":{"line":56,"column":26}},"56":{"start":{"line":57,"column":0},"end":{"line":57,"column":25}},"57":{"start":{"line":58,"column":0},"end":{"line":58,"column":26}},"58":{"start":{"line":59,"column":0},"end":{"line":59,"column":27}},"59":{"start":{"line":60,"column":0},"end":{"line":60,"column":24}},"60":{"start":{"line":61,"column":0},"end":{"line":61,"column":41}},"61":{"start":{"line":62,"column":0},"end":{"line":62,"column":27}},"62":{"start":{"line":63,"column":0},"end":{"line":63,"column":10}},"63":{"start":{"line":64,"column":0},"end":{"line":64,"column":8}},"64":{"start":{"line":65,"column":0},"end":{"line":65,"column":17}},"65":{"start":{"line":66,"column":0},"end":{"line":66,"column":28}},"66":{"start":{"line":67,"column":0},"end":{"line":67,"column":34}},"67":{"start":{"line":68,"column":0},"end":{"line":68,"column":50}},"69":{"start":{"line":70,"column":0},"end":{"line":70,"column":20}},"70":{"start":{"line":71,"column":0},"end":{"line":71,"column":19}},"71":{"start":{"line":72,"column":0},"end":{"line":72,"column":10}},"73":{"start":{"line":74,"column":0},"end":{"line":74,"column":1}},"75":{"start":{"line":76,"column":0},"end":{"line":76,"column":24}}},"s":{"0":1,"1":1,"2":1,"3":1,"4":1,"6":15,"7":15,"8":15,"9":15,"11":15,"12":4,"13":4,"15":15,"16":3,"17":2,"18":2,"19":2,"20":3,"23":15,"24":15,"25":15,"27":15,"28":15,"29":15,"30":15,"31":15,"32":15,"33":15,"34":15,"35":15,"36":15,"37":15,"38":15,"40":15,"41":15,"42":15,"43":15,"44":15,"45":15,"46":15,"47":15,"48":2,"49":2,"50":2,"51":2,"52":15,"53":15,"54":15,"55":15,"56":15,"57":15,"58":15,"59":15,"60":15,"61":15,"62":15,"63":15,"64":15,"65":15,"66":15,"67":15,"69":15,"70":15,"71":15,"73":15,"75":1},"branchMap":{"0":{"type":"branch","line":7,"loc":{"start":{"line":7,"column":0},"end":{"line":74,"column":1}},"locations":[{"start":{"line":7,"column":0},"end":{"line":74,"column":1}}]},"1":{"type":"branch","line":24,"loc":{"start":{"line":24,"column":18},"end":{"line":24,"column":43}},"locations":[{"start":{"line":24,"column":18},"end":{"line":24,"column":43}}]},"2":{"type":"branch","line":25,"loc":{"start":{"line":25,"column":22},"end":{"line":25,"column":47}},"locations":[{"start":{"line":25,"column":22},"end":{"line":25,"column":47}}]},"3":{"type":"branch","line":26,"loc":{"start":{"line":26,"column":20},"end":{"line":26,"column":45}},"locations":[{"start":{"line":26,"column":20},"end":{"line":26,"column":45}}]},"4":{"type":"branch","line":68,"loc":{"start":{"line":68,"column":15},"end":{"line":68,"column":40}},"locations":[{"start":{"line":68,"column":15},"end":{"line":68,"column":40}}]},"5":{"type":"branch","line":12,"loc":{"start":{"line":12,"column":28},"end":{"line":14,"column":3}},"locations":[{"start":{"line":12,"column":28},"end":{"line":14,"column":3}}]},"6":{"type":"branch","line":16,"loc":{"start":{"line":16,"column":21},"end":{"line":21,"column":3}},"locations":[{"start":{"line":16,"column":21},"end":{"line":21,"column":3}}]},"7":{"type":"branch","line":17,"loc":{"start":{"line":17,"column":24},"end":{"line":20,"column":5}},"locations":[{"start":{"line":17,"column":24},"end":{"line":20,"column":5}}]},"8":{"type":"branch","line":48,"loc":{"start":{"line":48,"column":19},"end":{"line":52,"column":10}},"locations":[{"start":{"line":48,"column":19},"end":{"line":52,"column":10}}]}},"b":{"0":[15],"1":[0],"2":[0],"3":[0],"4":[0],"5":[4],"6":[3],"7":[2],"8":[2]},"fnMap":{"0":{"name":"InputArea","decl":{"start":{"line":7,"column":0},"end":{"line":74,"column":1}},"loc":{"start":{"line":7,"column":0},"end":{"line":74,"column":1}},"line":7},"1":{"name":"handleInputChange","decl":{"start":{"line":12,"column":28},"end":{"line":14,"column":3}},"loc":{"start":{"line":12,"column":28},"end":{"line":14,"column":3}},"line":12},"2":{"name":"handleSend","decl":{"start":{"line":16,"column":21},"end":{"line":21,"column":3}},"loc":{"start":{"line":16,"column":21},"end":{"line":21,"column":3}},"line":16},"3":{"name":"onKeyDown","decl":{"start":{"line":48,"column":19},"end":{"line":52,"column":10}},"loc":{"start":{"line":48,"column":19},"end":{"line":52,"column":10}},"line":48}},"f":{"0":15,"1":4,"2":3,"3":2}}
,"/Users/balajisenthilkumar/code-machine/Gen AI/homework-app/ai-chat-app/src/components/ThemeToggle.jsx": {"path":"/Users/balajisenthilkumar/code-machine/Gen AI/homework-app/ai-chat-app/src/components/ThemeToggle.jsx","all":false,"statementMap":{"0":{"start":{"line":1,"column":0},"end":{"line":1,"column":25}},"1":{"start":{"line":2,"column":0},"end":{"line":2,"column":66}},"2":{"start":{"line":3,"column":0},"end":{"line":3,"column":75}},"3":{"start":{"line":4,"column":0},"end":{"line":4,"column":59}},"5":{"start":{"line":6,"column":0},"end":{"line":6,"column":27}},"6":{"start":{"line":7,"column":0},"end":{"line":7,"column":61}},"8":{"start":{"line":9,"column":0},"end":{"line":9,"column":50}},"10":{"start":{"line":11,"column":0},"end":{"line":11,"column":28}},"11":{"start":{"line":12,"column":0},"end":{"line":12,"column":34}},"12":{"start":{"line":13,"column":0},"end":{"line":13,"column":5}},"13":{"start":{"line":14,"column":0},"end":{"line":14,"column":3}},"15":{"start":{"line":16,"column":0},"end":{"line":16,"column":10}},"16":{"start":{"line":17,"column":0},"end":{"line":17,"column":27}},"17":{"start":{"line":18,"column":0},"end":{"line":18,"column":24}},"18":{"start":{"line":19,"column":0},"end":{"line":19,"column":31}},"19":{"start":{"line":20,"column":0},"end":{"line":20,"column":17}},"20":{"start":{"line":21,"column":0},"end":{"line":21,"column":36}},"21":{"start":{"line":22,"column":0},"end":{"line":22,"column":33}},"22":{"start":{"line":23,"column":0},"end":{"line":23,"column":20}},"24":{"start":{"line":25,"column":0},"end":{"line":25,"column":70}},"25":{"start":{"line":26,"column":0},"end":{"line":26,"column":49}},"26":{"start":{"line":27,"column":0},"end":{"line":27,"column":23}},"27":{"start":{"line":28,"column":0},"end":{"line":28,"column":68}},"28":{"start":{"line":29,"column":0},"end":{"line":29,"column":40}},"29":{"start":{"line":30,"column":0},"end":{"line":30,"column":23}},"30":{"start":{"line":31,"column":0},"end":{"line":31,"column":66}},"31":{"start":{"line":32,"column":0},"end":{"line":32,"column":39}},"32":{"start":{"line":33,"column":0},"end":{"line":33,"column":23}},"33":{"start":{"line":34,"column":0},"end":{"line":34,"column":26}},"34":{"start":{"line":35,"column":0},"end":{"line":35,"column":10}},"36":{"start":{"line":37,"column":0},"end":{"line":37,"column":1}},"38":{"start":{"line":39,"column":0},"end":{"line":39,"column":26}}},"s":{"0":1,"1":1,"2":1,"3":1,"5":1,"6":10,"8":10,"10":1,"11":1,"12":1,"13":1,"15":10,"16":10,"17":10,"18":10,"19":10,"20":10,"21":10,"22":10,"24":10,"25":10,"26":10,"27":10,"28":10,"29":10,"30":10,"31":10,"32":10,"33":10,"34":10,"36":10,"38":1},"branchMap":{"0":{"type":"branch","line":6,"loc":{"start":{"line":6,"column":20},"end":{"line":37,"column":1}},"locations":[{"start":{"line":6,"column":20},"end":{"line":37,"column":1}}]},"1":{"type":"branch","line":9,"loc":{"start":{"line":9,"column":28},"end":{"line":14,"column":3}},"locations":[{"start":{"line":9,"column":28},"end":{"line":14,"column":3}}]}},"b":{"0":[10],"1":[1]},"fnMap":{"0":{"name":"ThemeToggle","decl":{"start":{"line":6,"column":20},"end":{"line":37,"column":1}},"loc":{"start":{"line":6,"column":20},"end":{"line":37,"column":1}},"line":6},"1":{"name":"handleThemeChange","decl":{"start":{"line":9,"column":28},"end":{"line":14,"column":3}},"loc":{"start":{"line":9,"column":28},"end":{"line":14,"column":3}},"line":9}},"f":{"0":10,"1":1}}
,"/Users/balajisenthilkumar/code-machine/Gen AI/homework-app/ai-chat-app/src/components/TodoList.jsx": {"path":"/Users/balajisenthilkumar/code-machine/Gen AI/homework-app/ai-chat-app/src/components/TodoList.jsx","all":false,"statementMap":{"0":{"start":{"line":1,"column":0},"end":{"line":1,"column":48}},"1":{"start":{"line":2,"column":0},"end":{"line":2,"column":8}},"13":{"start":{"line":14,"column":0},"end":{"line":14,"column":51}},"16":{"start":{"line":17,"column":0},"end":{"line":17,"column":20}},"17":{"start":{"line":18,"column":0},"end":{"line":18,"column":14}},"18":{"start":{"line":19,"column":0},"end":{"line":19,"column":29}},"19":{"start":{"line":20,"column":0},"end":{"line":20,"column":32}},"20":{"start":{"line":21,"column":0},"end":{"line":21,"column":1}},"23":{"start":{"line":24,"column":0},"end":{"line":24,"column":22}},"24":{"start":{"line":25,"column":0},"end":{"line":25,"column":3}},"25":{"start":{"line":26,"column":0},"end":{"line":26,"column":10}},"26":{"start":{"line":27,"column":0},"end":{"line":27,"column":50}},"27":{"start":{"line":28,"column":0},"end":{"line":28,"column":21}},"28":{"start":{"line":29,"column":0},"end":{"line":29,"column":28}},"29":{"start":{"line":30,"column":0},"end":{"line":30,"column":4}},"30":{"start":{"line":31,"column":0},"end":{"line":31,"column":3}},"31":{"start":{"line":32,"column":0},"end":{"line":32,"column":10}},"32":{"start":{"line":33,"column":0},"end":{"line":33,"column":32}},"33":{"start":{"line":34,"column":0},"end":{"line":34,"column":21}},"34":{"start":{"line":35,"column":0},"end":{"line":35,"column":28}},"35":{"start":{"line":36,"column":0},"end":{"line":36,"column":4}},"36":{"start":{"line":37,"column":0},"end":{"line":37,"column":3}},"37":{"start":{"line":38,"column":0},"end":{"line":38,"column":10}},"38":{"start":{"line":39,"column":0},"end":{"line":39,"column":39}},"39":{"start":{"line":40,"column":0},"end":{"line":40,"column":21}},"40":{"start":{"line":41,"column":0},"end":{"line":41,"column":30}},"41":{"start":{"line":42,"column":0},"end":{"line":42,"column":4}},"42":{"start":{"line":43,"column":0},"end":{"line":43,"column":3}},"43":{"start":{"line":44,"column":0},"end":{"line":44,"column":10}},"44":{"start":{"line":45,"column":0},"end":{"line":45,"column":35}},"45":{"start":{"line":46,"column":0},"end":{"line":46,"column":21}},"46":{"start":{"line":47,"column":0},"end":{"line":47,"column":30}},"47":{"start":{"line":48,"column":0},"end":{"line":48,"column":4}},"48":{"start":{"line":49,"column":0},"end":{"line":49,"column":3}},"49":{"start":{"line":50,"column":0},"end":{"line":50,"column":10}},"50":{"start":{"line":51,"column":0},"end":{"line":51,"column":48}},"51":{"start":{"line":52,"column":0},"end":{"line":52,"column":21}},"52":{"start":{"line":53,"column":0},"end":{"line":53,"column":30}},"53":{"start":{"line":54,"column":0},"end":{"line":54,"column":4}},"54":{"start":{"line":55,"column":0},"end":{"line":55,"column":3}},"55":{"start":{"line":56,"column":0},"end":{"line":56,"column":10}},"56":{"start":{"line":57,"column":0},"end":{"line":57,"column":34}},"57":{"start":{"line":58,"column":0},"end":{"line":58,"column":21}},"58":{"start":{"line":59,"column":0},"end":{"line":59,"column":34}},"59":{"start":{"line":60,"column":0},"end":{"line":60,"column":4}},"60":{"start":{"line":61,"column":0},"end":{"line":61,"column":3}},"61":{"start":{"line":62,"column":0},"end":{"line":62,"column":10}},"62":{"start":{"line":63,"column":0},"end":{"line":63,"column":38}},"63":{"start":{"line":64,"column":0},"end":{"line":64,"column":21}},"64":{"start":{"line":65,"column":0},"end":{"line":65,"column":28}},"65":{"start":{"line":66,"column":0},"end":{"line":66,"column":4}},"66":{"start":{"line":67,"column":0},"end":{"line":67,"column":3}},"67":{"start":{"line":68,"column":0},"end":{"line":68,"column":10}},"68":{"start":{"line":69,"column":0},"end":{"line":69,"column":31}},"69":{"start":{"line":70,"column":0},"end":{"line":70,"column":21}},"70":{"start":{"line":71,"column":0},"end":{"line":71,"column":34}},"71":{"start":{"line":72,"column":0},"end":{"line":72,"column":4}},"72":{"start":{"line":73,"column":0},"end":{"line":73,"column":3}},"73":{"start":{"line":74,"column":0},"end":{"line":74,"column":10}},"74":{"start":{"line":75,"column":0},"end":{"line":75,"column":49}},"75":{"start":{"line":76,"column":0},"end":{"line":76,"column":21}},"76":{"start":{"line":77,"column":0},"end":{"line":77,"column":34}},"77":{"start":{"line":78,"column":0},"end":{"line":78,"column":4}},"78":{"start":{"line":79,"column":0},"end":{"line":79,"column":3}},"79":{"start":{"line":80,"column":0},"end":{"line":80,"column":11}},"80":{"start":{"line":81,"column":0},"end":{"line":81,"column":42}},"81":{"start":{"line":82,"column":0},"end":{"line":82,"column":21}},"82":{"start":{"line":83,"column":0},"end":{"line":83,"column":28}},"83":{"start":{"line":84,"column":0},"end":{"line":84,"column":4}},"84":{"start":{"line":85,"column":0},"end":{"line":85,"column":3}},"85":{"start":{"line":86,"column":0},"end":{"line":86,"column":11}},"86":{"start":{"line":87,"column":0},"end":{"line":87,"column":36}},"87":{"start":{"line":88,"column":0},"end":{"line":88,"column":21}},"88":{"start":{"line":89,"column":0},"end":{"line":89,"column":30}},"89":{"start":{"line":90,"column":0},"end":{"line":90,"column":4}},"90":{"start":{"line":91,"column":0},"end":{"line":91,"column":1}},"92":{"start":{"line":93,"column":0},"end":{"line":93,"column":24}},"93":{"start":{"line":94,"column":0},"end":{"line":94,"column":36}},"94":{"start":{"line":95,"column":0},"end":{"line":95,"column":44}},"96":{"start":{"line":97,"column":0},"end":{"line":97,"column":59}},"97":{"start":{"line":98,"column":0},"end":{"line":98,"column":61}},"98":{"start":{"line":99,"column":0},"end":{"line":99,"column":4}},"101":{"start":{"line":102,"column":0},"end":{"line":102,"column":19}},"102":{"start":{"line":103,"column":0},"end":{"line":103,"column":63}},"103":{"start":{"line":104,"column":0},"end":{"line":104,"column":13}},"105":{"start":{"line":106,"column":0},"end":{"line":106,"column":34}},"106":{"start":{"line":107,"column":0},"end":{"line":107,"column":13}},"107":{"start":{"line":108,"column":0},"end":{"line":108,"column":23}},"108":{"start":{"line":109,"column":0},"end":{"line":109,"column":70}},"109":{"start":{"line":110,"column":0},"end":{"line":110,"column":8}},"110":{"start":{"line":111,"column":0},"end":{"line":111,"column":5}},"111":{"start":{"line":112,"column":0},"end":{"line":112,"column":3}},"114":{"start":{"line":115,"column":0},"end":{"line":115,"column":55}},"115":{"start":{"line":116,"column":0},"end":{"line":116,"column":30}},"116":{"start":{"line":117,"column":0},"end":{"line":117,"column":29}},"117":{"start":{"line":118,"column":0},"end":{"line":118,"column":5}},"118":{"start":{"line":119,"column":0},"end":{"line":119,"column":33}},"119":{"start":{"line":120,"column":0},"end":{"line":120,"column":14}},"120":{"start":{"line":121,"column":0},"end":{"line":121,"column":8}},"123":{"start":{"line":124,"column":0},"end":{"line":124,"column":68}},"124":{"start":{"line":125,"column":0},"end":{"line":125,"column":80}},"127":{"start":{"line":128,"column":0},"end":{"line":128,"column":52}},"128":{"start":{"line":129,"column":0},"end":{"line":129,"column":57}},"130":{"start":{"line":131,"column":0},"end":{"line":131,"column":10}},"131":{"start":{"line":132,"column":0},"end":{"line":132,"column":8}},"132":{"start":{"line":133,"column":0},"end":{"line":133,"column":11}},"133":{"start":{"line":134,"column":0},"end":{"line":134,"column":19}},"134":{"start":{"line":135,"column":0},"end":{"line":135,"column":25}},"135":{"start":{"line":136,"column":0},"end":{"line":136,"column":24}},"136":{"start":{"line":137,"column":0},"end":{"line":137,"column":49}},"137":{"start":{"line":138,"column":0},"end":{"line":138,"column":8}},"139":{"start":{"line":140,"column":0},"end":{"line":140,"column":44}},"141":{"start":{"line":142,"column":0},"end":{"line":142,"column":19}},"143":{"start":{"line":144,"column":0},"end":{"line":144,"column":10}},"144":{"start":{"line":145,"column":0},"end":{"line":145,"column":13}},"145":{"start":{"line":146,"column":0},"end":{"line":146,"column":16}},"146":{"start":{"line":147,"column":0},"end":{"line":147,"column":26}},"147":{"start":{"line":148,"column":0},"end":{"line":148,"column":42}},"148":{"start":{"line":149,"column":0},"end":{"line":149,"column":31}},"149":{"start":{"line":150,"column":0},"end":{"line":150,"column":10}},"151":{"start":{"line":152,"column":0},"end":{"line":152,"column":36}},"152":{"start":{"line":153,"column":0},"end":{"line":153,"column":73}},"153":{"start":{"line":154,"column":0},"end":{"line":154,"column":21}},"154":{"start":{"line":155,"column":0},"end":{"line":155,"column":13}},"155":{"start":{"line":156,"column":0},"end":{"line":156,"column":44}},"156":{"start":{"line":157,"column":0},"end":{"line":157,"column":17}},"157":{"start":{"line":158,"column":0},"end":{"line":158,"column":37}},"158":{"start":{"line":159,"column":0},"end":{"line":159,"column":25}},"159":{"start":{"line":160,"column":0},"end":{"line":160,"column":41}},"160":{"start":{"line":161,"column":0},"end":{"line":161,"column":25}},"161":{"start":{"line":162,"column":0},"end":{"line":162,"column":25}},"163":{"start":{"line":164,"column":0},"end":{"line":164,"column":22}},"164":{"start":{"line":165,"column":0},"end":{"line":165,"column":10}},"165":{"start":{"line":166,"column":0},"end":{"line":166,"column":12}},"167":{"start":{"line":168,"column":0},"end":{"line":168,"column":30}},"169":{"start":{"line":170,"column":0},"end":{"line":170,"column":53}},"170":{"start":{"line":171,"column":0},"end":{"line":171,"column":41}},"171":{"start":{"line":172,"column":0},"end":{"line":172,"column":75}},"172":{"start":{"line":173,"column":0},"end":{"line":173,"column":22}},"173":{"start":{"line":174,"column":0},"end":{"line":174,"column":23}},"174":{"start":{"line":175,"column":0},"end":{"line":175,"column":16}},"175":{"start":{"line":176,"column":0},"end":{"line":176,"column":25}},"176":{"start":{"line":177,"column":0},"end":{"line":177,"column":17}},"177":{"start":{"line":178,"column":0},"end":{"line":178,"column":36}},"178":{"start":{"line":179,"column":0},"end":{"line":179,"column":55}},"179":{"start":{"line":180,"column":0},"end":{"line":180,"column":14}},"181":{"start":{"line":182,"column":0},"end":{"line":182,"column":24}},"182":{"start":{"line":183,"column":0},"end":{"line":183,"column":54}},"183":{"start":{"line":184,"column":0},"end":{"line":184,"column":25}},"184":{"start":{"line":185,"column":0},"end":{"line":185,"column":31}},"185":{"start":{"line":186,"column":0},"end":{"line":186,"column":23}},"186":{"start":{"line":187,"column":0},"end":{"line":187,"column":54}},"187":{"start":{"line":188,"column":0},"end":{"line":188,"column":77}},"188":{"start":{"line":189,"column":0},"end":{"line":189,"column":20}},"190":{"start":{"line":191,"column":0},"end":{"line":191,"column":32}},"191":{"start":{"line":192,"column":0},"end":{"line":192,"column":29}},"192":{"start":{"line":193,"column":0},"end":{"line":193,"column":34}},"193":{"start":{"line":194,"column":0},"end":{"line":194,"column":46}},"194":{"start":{"line":195,"column":0},"end":{"line":195,"column":64}},"195":{"start":{"line":196,"column":0},"end":{"line":196,"column":35}},"196":{"start":{"line":197,"column":0},"end":{"line":197,"column":35}},"197":{"start":{"line":198,"column":0},"end":{"line":198,"column":22}},"198":{"start":{"line":199,"column":0},"end":{"line":199,"column":33}},"199":{"start":{"line":200,"column":0},"end":{"line":200,"column":54}},"200":{"start":{"line":201,"column":0},"end":{"line":201,"column":27}},"201":{"start":{"line":202,"column":0},"end":{"line":202,"column":17}},"202":{"start":{"line":203,"column":0},"end":{"line":203,"column":19}},"203":{"start":{"line":204,"column":0},"end":{"line":204,"column":18}},"204":{"start":{"line":205,"column":0},"end":{"line":205,"column":14}},"205":{"start":{"line":206,"column":0},"end":{"line":206,"column":9}},"206":{"start":{"line":207,"column":0},"end":{"line":207,"column":10}},"208":{"start":{"line":209,"column":0},"end":{"line":209,"column":1}},"210":{"start":{"line":211,"column":0},"end":{"line":211,"column":23}}},"s":{"0":1,"1":1,"13":1,"16":1,"17":1,"18":1,"19":1,"20":1,"23":1,"24":1,"25":1,"26":1,"27":1,"28":1,"29":1,"30":1,"31":1,"32":1,"33":1,"34":1,"35":1,"36":1,"37":1,"38":1,"39":1,"40":1,"41":1,"42":1,"43":1,"44":1,"45":1,"46":1,"47":1,"48":1,"49":1,"50":1,"51":1,"52":1,"53":1,"54":1,"55":1,"56":1,"57":1,"58":1,"59":1,"60":1,"61":1,"62":1,"63":1,"64":1,"65":1,"66":1,"67":1,"68":1,"69":1,"70":1,"71":1,"72":1,"73":1,"74":1,"75":1,"76":1,"77":1,"78":1,"79":1,"80":1,"81":1,"82":1,"83":1,"84":1,"85":1,"86":1,"87":1,"88":1,"89":1,"90":1,"92":1,"93":6,"94":6,"96":5,"97":5,"98":6,"101":6,"102":6,"103":6,"105":6,"106":1,"107":1,"108":11,"109":1,"110":1,"111":1,"114":6,"115":57,"116":17,"117":17,"118":57,"119":57,"120":6,"123":6,"124":6,"127":6,"128":6,"130":6,"131":6,"132":6,"133":6,"134":6,"135":6,"136":6,"137":6,"139":6,"141":6,"143":6,"144":6,"145":6,"146":6,"147":6,"148":6,"149":6,"151":6,"152":6,"153":6,"154":6,"155":6,"156":6,"157":6,"158":0,"159":6,"160":1,"161":5,"163":6,"164":6,"165":6,"167":6,"169":6,"170":17,"171":17,"172":17,"173":17,"174":17,"175":17,"176":17,"177":17,"178":17,"179":17,"181":17,"182":17,"183":57,"184":57,"185":57,"186":57,"187":57,"188":57,"190":57,"191":57,"192":57,"193":57,"194":57,"195":57,"196":57,"197":57,"198":57,"199":57,"200":57,"201":17,"202":17,"203":17,"204":17,"205":6,"206":6,"208":6,"210":1},"branchMap":{"0":{"type":"branch","line":93,"loc":{"start":{"line":93,"column":17},"end":{"line":209,"column":1}},"locations":[{"start":{"line":93,"column":17},"end":{"line":209,"column":1}}]},"1":{"type":"branch","line":128,"loc":{"start":{"line":128,"column":18},"end":{"line":128,"column":43}},"locations":[{"start":{"line":128,"column":18},"end":{"line":128,"column":43}}]},"2":{"type":"branch","line":129,"loc":{"start":{"line":129,"column":23},"end":{"line":129,"column":48}},"locations":[{"start":{"line":129,"column":23},"end":{"line":129,"column":48}}]},"3":{"type":"branch","line":158,"loc":{"start":{"line":158,"column":35},"end":{"line":159,"column":25}},"locations":[{"start":{"line":158,"column":35},"end":{"line":159,"column":25}}]},"4":{"type":"branch","line":160,"loc":{"start":{"line":160,"column":39},"end":{"line":161,"column":25}},"locations":[{"start":{"line":160,"column":39},"end":{"line":161,"column":25}}]},"5":{"type":"branch","line":161,"loc":{"start":{"line":161,"column":16},"end":{"line":162,"column":25}},"locations":[{"start":{"line":161,"column":16},"end":{"line":162,"column":25}}]},"6":{"type":"branch","line":95,"loc":{"start":{"line":95,"column":37},"end":{"line":99,"column":3}},"locations":[{"start":{"line":95,"column":37},"end":{"line":99,"column":3}}]},"7":{"type":"branch","line":98,"loc":{"start":{"line":98,"column":11},"end":{"line":98,"column":49}},"locations":[{"start":{"line":98,"column":11},"end":{"line":98,"column":49}}]},"8":{"type":"branch","line":98,"loc":{"start":{"line":98,"column":45},"end":{"line":98,"column":61}},"locations":[{"start":{"line":98,"column":45},"end":{"line":98,"column":61}}]},"9":{"type":"branch","line":102,"loc":{"start":{"line":102,"column":12},"end":{"line":104,"column":5}},"locations":[{"start":{"line":102,"column":12},"end":{"line":104,"column":5}}]},"10":{"type":"branch","line":106,"loc":{"start":{"line":106,"column":27},"end":{"line":112,"column":3}},"locations":[{"start":{"line":106,"column":27},"end":{"line":112,"column":3}}]},"11":{"type":"branch","line":108,"loc":{"start":{"line":108,"column":16},"end":{"line":109,"column":70}},"locations":[{"start":{"line":108,"column":16},"end":{"line":109,"column":70}}]},"12":{"type":"branch","line":109,"loc":{"start":{"line":109,"column":20},"end":{"line":109,"column":65}},"locations":[{"start":{"line":109,"column":20},"end":{"line":109,"column":65}}]},"13":{"type":"branch","line":109,"loc":{"start":{"line":109,"column":61},"end":{"line":109,"column":70}},"locations":[{"start":{"line":109,"column":61},"end":{"line":109,"column":70}}]},"14":{"type":"branch","line":115,"loc":{"start":{"line":115,"column":39},"end":{"line":121,"column":5}},"locations":[{"start":{"line":115,"column":39},"end":{"line":121,"column":5}}]},"15":{"type":"branch","line":116,"loc":{"start":{"line":116,"column":29},"end":{"line":118,"column":5}},"locations":[{"start":{"line":116,"column":29},"end":{"line":118,"column":5}}]},"16":{"type":"branch","line":124,"loc":{"start":{"line":124,"column":38},"end":{"line":124,"column":60}},"locations":[{"start":{"line":124,"column":38},"end":{"line":124,"column":60}}]},"17":{"type":"branch","line":170,"loc":{"start":{"line":170,"column":40},"end":{"line":205,"column":14}},"locations":[{"start":{"line":170,"column":40},"end":{"line":205,"column":14}}]},"18":{"type":"branch","line":183,"loc":{"start":{"line":183,"column":45},"end":{"line":201,"column":27}},"locations":[{"start":{"line":183,"column":45},"end":{"line":201,"column":27}}]},"19":{"type":"branch","line":187,"loc":{"start":{"line":187,"column":34},"end":{"line":187,"column":52}},"locations":[{"start":{"line":187,"column":34},"end":{"line":187,"column":52}}]},"20":{"type":"branch","line":187,"loc":{"start":{"line":187,"column":46},"end":{"line":187,"column":54}},"locations":[{"start":{"line":187,"column":46},"end":{"line":187,"column":54}}]},"21":{"type":"branch","line":188,"loc":{"start":{"line":188,"column":41},"end":{"line":188,"column":70}},"locations":[{"start":{"line":188,"column":41},"end":{"line":188,"column":70}}]},"22":{"type":"branch","line":188,"loc":{"start":{"line":188,"column":53},"end":{"line":188,"column":77}},"locations":[{"start":{"line":188,"column":53},"end":{"line":188,"column":77}}]},"23":{"type":"branch","line":195,"loc":{"start":{"line":195,"column":32},"end":{"line":195,"column":64}},"locations":[{"start":{"line":195,"column":32},"end":{"line":195,"column":64}}]}},"b":{"0":[6],"1":[0],"2":[0],"3":[0],"4":[1],"5":[5],"6":[5],"7":[1],"8":[4],"9":[6],"10":[1],"11":[11],"12":[1],"13":[10],"14":[57],"15":[17],"16":[57],"17":[17],"18":[57],"19":[2],"20":[55],"21":[2],"22":[55],"23":[1]},"fnMap":{"0":{"name":"TodoList","decl":{"start":{"line":93,"column":17},"end":{"line":209,"column":1}},"loc":{"start":{"line":93,"column":17},"end":{"line":209,"column":1}},"line":93},"1":{"name":"handleToggleTodo","decl":{"start":{"line":106,"column":27},"end":{"line":112,"column":3}},"loc":{"start":{"line":106,"column":27},"end":{"line":112,"column":3}},"line":106},"2":{"name":"onChange","decl":{"start":{"line":195,"column":32},"end":{"line":195,"column":64}},"loc":{"start":{"line":195,"column":32},"end":{"line":195,"column":64}},"line":195}},"f":{"0":6,"1":1,"2":1}}
,"/Users/balajisenthilkumar/code-machine/Gen AI/homework-app/ai-chat-app/src/context/ChatContext.jsx": {"path":"/Users/balajisenthilkumar/code-machine/Gen AI/homework-app/ai-chat-app/src/context/ChatContext.jsx","all":false,"statementMap":{"0":{"start":{"line":1,"column":0},"end":{"line":1,"column":64}},"1":{"start":{"line":2,"column":0},"end":{"line":2,"column":50}},"4":{"start":{"line":5,"column":0},"end":{"line":5,"column":42}},"7":{"start":{"line":8,"column":0},"end":{"line":8,"column":59}},"9":{"start":{"line":10,"column":0},"end":{"line":10,"column":45}},"10":{"start":{"line":11,"column":0},"end":{"line":11,"column":46}},"11":{"start":{"line":12,"column":0},"end":{"line":12,"column":49}},"12":{"start":{"line":13,"column":0},"end":{"line":13,"column":60}},"18":{"start":{"line":19,"column":0},"end":{"line":19,"column":46}},"20":{"start":{"line":21,"column":0},"end":{"line":21,"column":31}},"23":{"start":{"line":24,"column":0},"end":{"line":24,"column":77}},"26":{"start":{"line":27,"column":0},"end":{"line":27,"column":21}},"28":{"start":{"line":29,"column":0},"end":{"line":29,"column":9}},"30":{"start":{"line":31,"column":0},"end":{"line":31,"column":43}},"31":{"start":{"line":32,"column":0},"end":{"line":32,"column":26}},"32":{"start":{"line":33,"column":0},"end":{"line":33,"column":37}},"33":{"start":{"line":34,"column":0},"end":{"line":34,"column":51}},"34":{"start":{"line":35,"column":0},"end":{"line":35,"column":61}},"36":{"start":{"line":37,"column":0},"end":{"line":37,"column":14}},"37":{"start":{"line":38,"column":0},"end":{"line":38,"column":36}},"38":{"start":{"line":39,"column":0},"end":{"line":39,"column":68}},"39":{"start":{"line":40,"column":0},"end":{"line":40,"column":13}},"40":{"start":{"line":41,"column":0},"end":{"line":41,"column":69}},"41":{"start":{"line":42,"column":0},"end":{"line":42,"column":18}},"42":{"start":{"line":43,"column":0},"end":{"line":43,"column":55}},"43":{"start":{"line":44,"column":0},"end":{"line":44,"column":11}},"45":{"start":{"line":46,"column":0},"end":{"line":46,"column":32}},"46":{"start":{"line":47,"column":0},"end":{"line":47,"column":10}},"47":{"start":{"line":48,"column":0},"end":{"line":48,"column":8}},"48":{"start":{"line":49,"column":0},"end":{"line":49,"column":21}},"49":{"start":{"line":50,"column":0},"end":{"line":50,"column":56}},"50":{"start":{"line":51,"column":0},"end":{"line":51,"column":66}},"51":{"start":{"line":52,"column":0},"end":{"line":52,"column":24}},"52":{"start":{"line":53,"column":0},"end":{"line":53,"column":5}},"53":{"start":{"line":54,"column":0},"end":{"line":54,"column":3}},"58":{"start":{"line":59,"column":0},"end":{"line":59,"column":42}},"60":{"start":{"line":61,"column":0},"end":{"line":61,"column":32}},"63":{"start":{"line":64,"column":0},"end":{"line":64,"column":33}},"64":{"start":{"line":65,"column":0},"end":{"line":65,"column":47}},"67":{"start":{"line":68,"column":0},"end":{"line":68,"column":10}},"68":{"start":{"line":69,"column":0},"end":{"line":69,"column":37}},"69":{"start":{"line":70,"column":0},"end":{"line":70,"column":74}},"70":{"start":{"line":71,"column":0},"end":{"line":71,"column":9}},"72":{"start":{"line":73,"column":0},"end":{"line":73,"column":29}},"73":{"start":{"line":74,"column":0},"end":{"line":74,"column":7}},"75":{"start":{"line":76,"column":0},"end":{"line":76,"column":28}},"76":{"start":{"line":77,"column":0},"end":{"line":77,"column":6}},"79":{"start":{"line":80,"column":0},"end":{"line":80,"column":21}},"81":{"start":{"line":82,"column":0},"end":{"line":82,"column":9}},"83":{"start":{"line":84,"column":0},"end":{"line":84,"column":51}},"84":{"start":{"line":85,"column":0},"end":{"line":85,"column":26}},"85":{"start":{"line":86,"column":0},"end":{"line":86,"column":37}},"86":{"start":{"line":87,"column":0},"end":{"line":87,"column":51}},"87":{"start":{"line":88,"column":0},"end":{"line":88,"column":61}},"89":{"start":{"line":90,"column":0},"end":{"line":90,"column":14}},"90":{"start":{"line":91,"column":0},"end":{"line":91,"column":36}},"91":{"start":{"line":92,"column":0},"end":{"line":92,"column":68}},"92":{"start":{"line":93,"column":0},"end":{"line":93,"column":13}},"93":{"start":{"line":94,"column":0},"end":{"line":94,"column":69}},"94":{"start":{"line":95,"column":0},"end":{"line":95,"column":18}},"95":{"start":{"line":96,"column":0},"end":{"line":96,"column":55}},"96":{"start":{"line":97,"column":0},"end":{"line":97,"column":11}},"98":{"start":{"line":99,"column":0},"end":{"line":99,"column":32}},"99":{"start":{"line":100,"column":0},"end":{"line":100,"column":10}},"100":{"start":{"line":101,"column":0},"end":{"line":101,"column":8}},"101":{"start":{"line":102,"column":0},"end":{"line":102,"column":21}},"102":{"start":{"line":103,"column":0},"end":{"line":103,"column":61}},"103":{"start":{"line":104,"column":0},"end":{"line":104,"column":70}},"104":{"start":{"line":105,"column":0},"end":{"line":105,"column":24}},"105":{"start":{"line":106,"column":0},"end":{"line":106,"column":5}},"106":{"start":{"line":107,"column":0},"end":{"line":107,"column":3}},"111":{"start":{"line":112,"column":0},"end":{"line":112,"column":31}},"112":{"start":{"line":113,"column":0},"end":{"line":113,"column":19}},"113":{"start":{"line":114,"column":0},"end":{"line":114,"column":26}},"114":{"start":{"line":115,"column":0},"end":{"line":115,"column":3}},"117":{"start":{"line":118,"column":0},"end":{"line":118,"column":17}},"118":{"start":{"line":119,"column":0},"end":{"line":119,"column":13}},"119":{"start":{"line":120,"column":0},"end":{"line":120,"column":13}},"120":{"start":{"line":121,"column":0},"end":{"line":121,"column":22}},"121":{"start":{"line":122,"column":0},"end":{"line":122,"column":23}},"122":{"start":{"line":123,"column":0},"end":{"line":123,"column":18}},"123":{"start":{"line":124,"column":0},"end":{"line":124,"column":20}},"124":{"start":{"line":125,"column":0},"end":{"line":125,"column":3}},"126":{"start":{"line":127,"column":0},"end":{"line":127,"column":78}},"127":{"start":{"line":128,"column":0},"end":{"line":128,"column":1}}},"s":{"0":1,"1":1,"4":1,"7":1,"9":1,"10":16,"11":16,"12":16,"18":16,"20":5,"23":5,"26":5,"28":5,"30":5,"31":4,"32":4,"33":4,"34":4,"36":4,"37":4,"38":4,"39":4,"40":1,"41":4,"42":3,"43":3,"45":4,"46":4,"47":5,"48":5,"49":1,"50":1,"51":1,"52":1,"53":5,"58":16,"60":0,"63":0,"64":0,"67":0,"68":0,"69":0,"70":0,"72":0,"73":0,"75":0,"76":0,"79":0,"81":0,"83":0,"84":0,"85":0,"86":0,"87":0,"89":0,"90":0,"91":0,"92":0,"93":0,"94":0,"95":0,"96":0,"98":0,"99":0,"100":0,"101":0,"102":0,"103":0,"104":0,"105":0,"106":0,"111":16,"112":1,"113":1,"114":1,"117":16,"118":16,"119":16,"120":16,"121":16,"122":16,"123":16,"124":16,"126":16,"127":16},"branchMap":{"0":{"type":"branch","line":8,"loc":{"start":{"line":8,"column":30},"end":{"line":8,"column":59}},"locations":[{"start":{"line":8,"column":30},"end":{"line":8,"column":59}}]},"1":{"type":"branch","line":10,"loc":{"start":{"line":10,"column":28},"end":{"line":128,"column":1}},"locations":[{"start":{"line":10,"column":28},"end":{"line":128,"column":1}}]},"2":{"type":"branch","line":19,"loc":{"start":{"line":19,"column":28},"end":{"line":54,"column":3}},"locations":[{"start":{"line":19,"column":28},"end":{"line":54,"column":3}}]},"3":{"type":"branch","line":48,"loc":{"start":{"line":48,"column":7},"end":{"line":49,"column":13}},"locations":[{"start":{"line":48,"column":7},"end":{"line":49,"column":13}}]},"4":{"type":"branch","line":49,"loc":{"start":{"line":49,"column":4},"end":{"line":53,"column":5}},"locations":[{"start":{"line":49,"column":4},"end":{"line":53,"column":5}}]},"5":{"type":"branch","line":24,"loc":{"start":{"line":24,"column":16},"end":{"line":24,"column":76}},"locations":[{"start":{"line":24,"column":16},"end":{"line":24,"column":76}}]},"6":{"type":"branch","line":31,"loc":{"start":{"line":31,"column":33},"end":{"line":48,"column":7}},"locations":[{"start":{"line":31,"column":33},"end":{"line":48,"column":7}}]},"7":{"type":"branch","line":33,"loc":{"start":{"line":33,"column":20},"end":{"line":47,"column":9}},"locations":[{"start":{"line":33,"column":20},"end":{"line":47,"column":9}}]},"8":{"type":"branch","line":40,"loc":{"start":{"line":40,"column":12},"end":{"line":42,"column":17}},"locations":[{"start":{"line":40,"column":12},"end":{"line":42,"column":17}}]},"9":{"type":"branch","line":42,"loc":{"start":{"line":42,"column":10},"end":{"line":44,"column":11}},"locations":[{"start":{"line":42,"column":10},"end":{"line":44,"column":11}}]},"10":{"type":"branch","line":112,"loc":{"start":{"line":112,"column":24},"end":{"line":115,"column":3}},"locations":[{"start":{"line":112,"column":24},"end":{"line":115,"column":3}}]}},"b":{"0":[38],"1":[16],"2":[5],"3":[4],"4":[1],"5":[5],"6":[4],"7":[4],"8":[1],"9":[3],"10":[1]},"fnMap":{"0":{"name":"useChatContext","decl":{"start":{"line":8,"column":30},"end":{"line":8,"column":59}},"loc":{"start":{"line":8,"column":30},"end":{"line":8,"column":59}},"line":8},"1":{"name":"ChatProvider","decl":{"start":{"line":10,"column":28},"end":{"line":128,"column":1}},"loc":{"start":{"line":10,"column":28},"end":{"line":128,"column":1}},"line":10},"2":{"name":"handleSendMessage","decl":{"start":{"line":19,"column":28},"end":{"line":54,"column":3}},"loc":{"start":{"line":19,"column":28},"end":{"line":54,"column":3}},"line":19},"3":{"name":"regenerateResponse","decl":{"start":{"line":59,"column":29},"end":{"line":107,"column":3}},"loc":{"start":{"line":59,"column":29},"end":{"line":107,"column":3}},"line":59},"4":{"name":"clearMessages","decl":{"start":{"line":112,"column":24},"end":{"line":115,"column":3}},"loc":{"start":{"line":112,"column":24},"end":{"line":115,"column":3}},"line":112}},"f":{"0":38,"1":16,"2":5,"3":0,"4":1}}
,"/Users/balajisenthilkumar/code-machine/Gen AI/homework-app/ai-chat-app/src/context/ThemeContext.jsx": {"path":"/Users/balajisenthilkumar/code-machine/Gen AI/homework-app/ai-chat-app/src/context/ThemeContext.jsx","all":false,"statementMap":{"0":{"start":{"line":1,"column":0},"end":{"line":1,"column":75}},"1":{"start":{"line":2,"column":0},"end":{"line":2,"column":76}},"4":{"start":{"line":5,"column":0},"end":{"line":5,"column":43}},"7":{"start":{"line":8,"column":0},"end":{"line":8,"column":23}},"8":{"start":{"line":9,"column":0},"end":{"line":9,"column":17}},"9":{"start":{"line":10,"column":0},"end":{"line":10,"column":15}},"10":{"start":{"line":11,"column":0},"end":{"line":11,"column":19}},"11":{"start":{"line":12,"column":0},"end":{"line":12,"column":1}},"14":{"start":{"line":15,"column":0},"end":{"line":15,"column":57}},"16":{"start":{"line":17,"column":0},"end":{"line":17,"column":46}},"18":{"start":{"line":19,"column":0},"end":{"line":19,"column":64}},"19":{"start":{"line":20,"column":0},"end":{"line":20,"column":62}},"20":{"start":{"line":21,"column":0},"end":{"line":21,"column":38}},"21":{"start":{"line":22,"column":0},"end":{"line":22,"column":4}},"24":{"start":{"line":25,"column":0},"end":{"line":25,"column":54}},"25":{"start":{"line":26,"column":0},"end":{"line":26,"column":52}},"26":{"start":{"line":27,"column":0},"end":{"line":27,"column":54}},"27":{"start":{"line":28,"column":0},"end":{"line":28,"column":68}},"28":{"start":{"line":29,"column":0},"end":{"line":29,"column":4}},"31":{"start":{"line":32,"column":0},"end":{"line":32,"column":19}},"32":{"start":{"line":33,"column":0},"end":{"line":33,"column":49}},"34":{"start":{"line":35,"column":0},"end":{"line":35,"column":72}},"35":{"start":{"line":36,"column":0},"end":{"line":36,"column":54}},"37":{"start":{"line":38,"column":0},"end":{"line":38,"column":55}},"38":{"start":{"line":39,"column":0},"end":{"line":39,"column":71}},"39":{"start":{"line":40,"column":0},"end":{"line":40,"column":23}},"42":{"start":{"line":43,"column":0},"end":{"line":43,"column":19}},"43":{"start":{"line":44,"column":0},"end":{"line":44,"column":60}},"45":{"start":{"line":46,"column":0},"end":{"line":46,"column":42}},"46":{"start":{"line":47,"column":0},"end":{"line":47,"column":25}},"47":{"start":{"line":48,"column":0},"end":{"line":48,"column":50}},"48":{"start":{"line":49,"column":0},"end":{"line":49,"column":26}},"49":{"start":{"line":50,"column":0},"end":{"line":50,"column":12}},"50":{"start":{"line":51,"column":0},"end":{"line":51,"column":78}},"51":{"start":{"line":52,"column":0},"end":{"line":52,"column":5}},"52":{"start":{"line":53,"column":0},"end":{"line":53,"column":23}},"55":{"start":{"line":56,"column":0},"end":{"line":56,"column":29}},"56":{"start":{"line":57,"column":0},"end":{"line":57,"column":14}},"57":{"start":{"line":58,"column":0},"end":{"line":58,"column":42}},"58":{"start":{"line":59,"column":0},"end":{"line":59,"column":6}},"59":{"start":{"line":60,"column":0},"end":{"line":60,"column":4}},"62":{"start":{"line":63,"column":0},"end":{"line":63,"column":17}},"63":{"start":{"line":64,"column":0},"end":{"line":64,"column":20}},"64":{"start":{"line":65,"column":0},"end":{"line":65,"column":23}},"65":{"start":{"line":66,"column":0},"end":{"line":66,"column":15}},"66":{"start":{"line":67,"column":0},"end":{"line":67,"column":3}},"68":{"start":{"line":69,"column":0},"end":{"line":69,"column":10}},"69":{"start":{"line":70,"column":0},"end":{"line":70,"column":41}},"70":{"start":{"line":71,"column":0},"end":{"line":71,"column":67}},"71":{"start":{"line":72,"column":0},"end":{"line":72,"column":28}},"73":{"start":{"line":74,"column":0},"end":{"line":74,"column":1}}},"s":{"0":1,"1":1,"4":1,"7":1,"8":1,"9":1,"10":1,"11":1,"14":1,"16":1,"18":31,"19":28,"20":28,"21":31,"24":31,"25":28,"26":28,"27":28,"28":31,"31":31,"32":29,"34":28,"35":28,"37":28,"38":28,"39":31,"42":31,"43":29,"45":29,"46":0,"47":29,"48":1,"49":29,"50":28,"51":28,"52":31,"55":31,"56":31,"57":31,"58":31,"59":31,"62":31,"63":31,"64":31,"65":31,"66":31,"68":31,"69":31,"70":31,"71":31,"73":31},"branchMap":{"0":{"type":"branch","line":15,"loc":{"start":{"line":15,"column":27},"end":{"line":15,"column":57}},"locations":[{"start":{"line":15,"column":27},"end":{"line":15,"column":57}}]},"1":{"type":"branch","line":17,"loc":{"start":{"line":17,"column":29},"end":{"line":74,"column":1}},"locations":[{"start":{"line":17,"column":29},"end":{"line":74,"column":1}}]},"2":{"type":"branch","line":58,"loc":{"start":{"line":58,"column":12},"end":{"line":58,"column":34}},"locations":[{"start":{"line":58,"column":12},"end":{"line":58,"column":34}}]},"3":{"type":"branch","line":19,"loc":{"start":{"line":19,"column":57},"end":{"line":22,"column":3}},"locations":[{"start":{"line":19,"column":57},"end":{"line":22,"column":3}}]},"4":{"type":"branch","line":21,"loc":{"start":{"line":21,"column":11},"end":{"line":21,"column":38}},"locations":[{"start":{"line":21,"column":11},"end":{"line":21,"column":38}}]},"5":{"type":"branch","line":25,"loc":{"start":{"line":25,"column":47},"end":{"line":29,"column":3}},"locations":[{"start":{"line":25,"column":47},"end":{"line":29,"column":3}}]},"6":{"type":"branch","line":26,"loc":{"start":{"line":26,"column":41},"end":{"line":26,"column":52}},"locations":[{"start":{"line":26,"column":41},"end":{"line":26,"column":52}}]},"7":{"type":"branch","line":27,"loc":{"start":{"line":27,"column":42},"end":{"line":27,"column":54}},"locations":[{"start":{"line":27,"column":42},"end":{"line":27,"column":54}}]},"8":{"type":"branch","line":32,"loc":{"start":{"line":32,"column":12},"end":{"line":40,"column":5}},"locations":[{"start":{"line":32,"column":12},"end":{"line":40,"column":5}}]},"9":{"type":"branch","line":33,"loc":{"start":{"line":33,"column":43},"end":{"line":33,"column":49}},"locations":[{"start":{"line":33,"column":43},"end":{"line":33,"column":49}}]},"10":{"type":"branch","line":33,"loc":{"start":{"line":33,"column":43},"end":{"line":39,"column":71}},"locations":[{"start":{"line":33,"column":43},"end":{"line":39,"column":71}}]},"11":{"type":"branch","line":39,"loc":{"start":{"line":39,"column":11},"end":{"line":39,"column":71}},"locations":[{"start":{"line":39,"column":11},"end":{"line":39,"column":71}}]},"12":{"type":"branch","line":43,"loc":{"start":{"line":43,"column":12},"end":{"line":53,"column":5}},"locations":[{"start":{"line":43,"column":12},"end":{"line":53,"column":5}}]},"13":{"type":"branch","line":46,"loc":{"start":{"line":46,"column":41},"end":{"line":48,"column":15}},"locations":[{"start":{"line":46,"column":41},"end":{"line":48,"column":15}}]},"14":{"type":"branch","line":48,"loc":{"start":{"line":48,"column":49},"end":{"line":50,"column":11}},"locations":[{"start":{"line":48,"column":49},"end":{"line":50,"column":11}}]},"15":{"type":"branch","line":50,"loc":{"start":{"line":50,"column":4},"end":{"line":52,"column":5}},"locations":[{"start":{"line":50,"column":4},"end":{"line":52,"column":5}}]}},"b":{"0":[39],"1":[31],"2":[0],"3":[28],"4":[10],"5":[28],"6":[0],"7":[0],"8":[29],"9":[1],"10":[28],"11":[28],"12":[29],"13":[0],"14":[1],"15":[28]},"fnMap":{"0":{"name":"useAppTheme","decl":{"start":{"line":15,"column":27},"end":{"line":15,"column":57}},"loc":{"start":{"line":15,"column":27},"end":{"line":15,"column":57}},"line":15},"1":{"name":"ThemeProvider","decl":{"start":{"line":17,"column":29},"end":{"line":74,"column":1}},"loc":{"start":{"line":17,"column":29},"end":{"line":74,"column":1}},"line":17},"2":{"name":"handleChange","decl":{"start":{"line":36,"column":25},"end":{"line":36,"column":54}},"loc":{"start":{"line":36,"column":25},"end":{"line":36,"column":54}},"line":36}},"f":{"0":39,"1":31,"2":0}}
,"/Users/balajisenthilkumar/code-machine/Gen AI/homework-app/ai-chat-app/src/services/apiService.js": {"path":"/Users/balajisenthilkumar/code-machine/Gen AI/homework-app/ai-chat-app/src/services/apiService.js","all":false,"statementMap":{"0":{"start":{"line":1,"column":0},"end":{"line":1,"column":3}},"1":{"start":{"line":2,"column":0},"end":{"line":2,"column":49}},"2":{"start":{"line":3,"column":0},"end":{"line":3,"column":3}},"4":{"start":{"line":5,"column":0},"end":{"line":5,"column":3}},"5":{"start":{"line":6,"column":0},"end":{"line":6,"column":53}},"6":{"start":{"line":7,"column":0},"end":{"line":7,"column":47}},"7":{"start":{"line":8,"column":0},"end":{"line":8,"column":78}},"8":{"start":{"line":9,"column":0},"end":{"line":9,"column":27}},"9":{"start":{"line":10,"column":0},"end":{"line":10,"column":3}},"10":{"start":{"line":11,"column":0},"end":{"line":11,"column":56}},"11":{"start":{"line":12,"column":0},"end":{"line":12,"column":81}},"13":{"start":{"line":14,"column":0},"end":{"line":14,"column":52}},"14":{"start":{"line":15,"column":0},"end":{"line":15,"column":22}},"15":{"start":{"line":16,"column":0},"end":{"line":16,"column":252}},"17":{"start":{"line":18,"column":0},"end":{"line":18,"column":61}},"18":{"start":{"line":19,"column":0},"end":{"line":19,"column":39}},"19":{"start":{"line":20,"column":0},"end":{"line":20,"column":26}},"21":{"start":{"line":22,"column":0},"end":{"line":22,"column":42}},"22":{"start":{"line":23,"column":0},"end":{"line":23,"column":65}},"23":{"start":{"line":24,"column":0},"end":{"line":24,"column":54}},"25":{"start":{"line":26,"column":0},"end":{"line":26,"column":56}},"26":{"start":{"line":27,"column":0},"end":{"line":27,"column":85}},"28":{"start":{"line":29,"column":0},"end":{"line":29,"column":54}},"29":{"start":{"line":30,"column":0},"end":{"line":30,"column":49}},"30":{"start":{"line":31,"column":0},"end":{"line":31,"column":65}},"32":{"start":{"line":33,"column":0},"end":{"line":33,"column":75}},"33":{"start":{"line":34,"column":0},"end":{"line":34,"column":28}},"34":{"start":{"line":35,"column":0},"end":{"line":35,"column":3}},"35":{"start":{"line":36,"column":0},"end":{"line":36,"column":1}}},"s":{"0":1,"1":1,"2":1,"4":1,"5":1,"6":1,"7":1,"8":1,"9":1,"10":1,"11":5,"13":5,"14":5,"15":5,"17":5,"18":5,"19":5,"21":5,"22":220,"23":220,"25":220,"26":220,"28":220,"29":220,"30":220,"32":220,"33":220,"34":220,"35":220},"branchMap":{"0":{"type":"branch","line":11,"loc":{"start":{"line":11,"column":27},"end":{"line":36,"column":1}},"locations":[{"start":{"line":11,"column":27},"end":{"line":36,"column":1}}]},"1":{"type":"branch","line":22,"loc":{"start":{"line":22,"column":41},"end":{"line":36,"column":1}},"locations":[{"start":{"line":22,"column":41},"end":{"line":36,"column":1}}]},"2":{"type":"branch","line":24,"loc":{"start":{"line":24,"column":32},"end":{"line":24,"column":36}},"locations":[{"start":{"line":24,"column":32},"end":{"line":24,"column":36}}]},"3":{"type":"branch","line":24,"loc":{"start":{"line":24,"column":37},"end":{"line":24,"column":42}},"locations":[{"start":{"line":24,"column":37},"end":{"line":24,"column":42}}]},"4":{"type":"branch","line":31,"loc":{"start":{"line":31,"column":40},"end":{"line":31,"column":61}},"locations":[{"start":{"line":31,"column":40},"end":{"line":31,"column":61}}]},"5":{"type":"branch","line":31,"loc":{"start":{"line":31,"column":62},"end":{"line":31,"column":65}},"locations":[{"start":{"line":31,"column":62},"end":{"line":31,"column":65}}]},"6":{"type":"branch","line":12,"loc":{"start":{"line":12,"column":20},"end":{"line":12,"column":54}},"locations":[{"start":{"line":12,"column":20},"end":{"line":12,"column":54}}]},"7":{"type":"branch","line":33,"loc":{"start":{"line":33,"column":22},"end":{"line":33,"column":74}},"locations":[{"start":{"line":33,"column":22},"end":{"line":33,"column":74}}]}},"b":{"0":[5],"1":[220],"2":[5],"3":[215],"4":[20],"5":[200],"6":[5],"7":[220]},"fnMap":{"0":{"name":"mockApiCall","decl":{"start":{"line":11,"column":27},"end":{"line":36,"column":1}},"loc":{"start":{"line":11,"column":27},"end":{"line":36,"column":1}},"line":11},"1":{"name":"fullResponse","decl":{"start":{"line":12,"column":20},"end":{"line":12,"column":54}},"loc":{"start":{"line":12,"column":20},"end":{"line":12,"column":54}},"line":12}},"f":{"0":5,"1":5}}
}
